#
# There is insufficient memory for the Java Runtime Environment to continue.
# Native memory allocation (mmap) failed to map 65536 bytes for Failed to commit metaspace.
# Possible reasons:
#   The system is out of physical RAM or swap space
#   The process is running with CompressedOops enabled, and the Java Heap may be blocking the growth of the native heap
# Possible solutions:
#   Reduce memory load on the system
#   Increase physical memory or swap space
#   Check if swap backing store is full
#   Decrease Java heap size (-Xmx/-Xms)
#   Decrease number of Java threads
#   Decrease Java thread stack sizes (-Xss)
#   Set larger code cache with -XX:ReservedCodeCacheSize=
#   JVM is running with Unscaled Compressed Oops mode in which the Java heap is
#     placed in the first 4GB address space. The Java Heap base address is the
#     maximum limit for the native heap growth. Please use -XX:HeapBaseMinAddress
#     to set the Java Heap base and to place the Java Heap above 4GB virtual address.
# This output file may be truncated or incomplete.
#
#  Out of Memory Error (virtualSpaceNode.cpp:110), pid=11988, tid=22992
#
# JRE version: OpenJDK Runtime Environment JBR-17.0.7+10-829.16-jcef (17.0.7+10) (build 17.0.7+10-b829.16)
# Java VM: OpenJDK 64-Bit Server VM JBR-17.0.7+10-829.16-jcef (17.0.7+10-b829.16, mixed mode, tiered, compressed oops, compressed class ptrs, g1 gc, windows-amd64)
# No core dump will be written. Minidumps are not enabled by default on client versions of Windows
#

---------------  S U M M A R Y ------------

Command Line: git4idea.http.GitAskPassApp Username for 'https://github.com': 

Host: 11th Gen Intel(R) Core(TM) i5-1135G7 @ 2.40GHz, 8 cores, 7G,  Windows 11 , 64 bit Build 22621 (10.0.22621.1778)
Time: Wed Jul 12 19:42:40 2023 Türkiye Standart Saati elapsed time: 0.682210 seconds (0d 0h 0m 0s)

---------------  T H R E A D  ---------------

Current thread (0x00000277afa392a0):  JavaThread "main" [_thread_in_vm, id=22992, stack(0x000000a534200000,0x000000a534300000)]

Stack: [0x000000a534200000,0x000000a534300000]
Native frames: (J=compiled Java code, j=interpreted, Vv=VM code, C=native code)
V  [jvm.dll+0x683cca]
V  [jvm.dll+0x8424b4]
V  [jvm.dll+0x843cae]
V  [jvm.dll+0x844313]
V  [jvm.dll+0x24ad2f]
V  [jvm.dll+0x83e50b]
V  [jvm.dll+0x628316]
V  [jvm.dll+0x62837a]
V  [jvm.dll+0x62ab9a]
V  [jvm.dll+0x628cb6]
V  [jvm.dll+0x240030]
V  [jvm.dll+0x1ef45d]
V  [jvm.dll+0x1e4e1c]
V  [jvm.dll+0x54a30d]
V  [jvm.dll+0x1f573b]
V  [jvm.dll+0x7bcc1b]
V  [jvm.dll+0x7be062]
V  [jvm.dll+0x41abd5]
C  [java.dll+0x1a55]

Java frames: (J=compiled Java code, j=interpreted, Vv=VM code)
j  java.lang.ClassLoader.findBootstrapClass(Ljava/lang/String;)Ljava/lang/Class;+0 java.base@17.0.7
j  java.lang.ClassLoader.findBootstrapClassOrNull(Ljava/lang/String;)Ljava/lang/Class;+10 java.base@17.0.7
j  java.lang.System$2.findBootstrapClassOrNull(Ljava/lang/String;)Ljava/lang/Class;+1 java.base@17.0.7
j  jdk.internal.loader.ClassLoaders$BootClassLoader.loadClassOrNull(Ljava/lang/String;Z)Ljava/lang/Class;+4 java.base@17.0.7
J 670 c1 jdk.internal.loader.BuiltinClassLoader.loadClassOrNull(Ljava/lang/String;Z)Ljava/lang/Class; java.base@17.0.7 (143 bytes) @ 0x00000277b32b1eb4 [0x00000277b32b1440+0x0000000000000a74]
j  jdk.internal.loader.BuiltinClassLoader.loadClass(Ljava/lang/String;Z)Ljava/lang/Class;+3 java.base@17.0.7
J 672 c1 java.lang.ClassLoader.loadClass(Ljava/lang/String;)Ljava/lang/Class; java.base@17.0.7 (7 bytes) @ 0x00000277b32b39bc [0x00000277b32b38c0+0x00000000000000fc]
v  ~StubRoutines::call_stub
j  jdk.internal.net.http.HttpConnection$PlainHttpPublisher.<init>(Ljdk/internal/net/http/HttpConnection;Ljava/lang/Object;)V+10 java.net.http@17.0.7
j  jdk.internal.net.http.PlainHttpConnection.<init>(Ljava/net/InetSocketAddress;Ljdk/internal/net/http/HttpClientImpl;)V+27 java.net.http@17.0.7
j  jdk.internal.net.http.AsyncSSLConnection.<init>(Ljava/net/InetSocketAddress;Ljdk/internal/net/http/HttpClientImpl;[Ljava/lang/String;)V+22 java.net.http@17.0.7
j  jdk.internal.net.http.HttpConnection.getSSLConnection(Ljava/net/InetSocketAddress;Ljava/net/InetSocketAddress;[Ljava/lang/String;Ljdk/internal/net/http/HttpRequestImpl;Ljdk/internal/net/http/HttpClientImpl;)Ljdk/internal/net/http/HttpConnection;+29 java.net.http@17.0.7
j  jdk.internal.net.http.HttpConnection.getConnection(Ljava/net/InetSocketAddress;Ljdk/internal/net/http/HttpClientImpl;Ljdk/internal/net/http/HttpRequestImpl;Ljava/net/http/HttpClient$Version;)Ljdk/internal/net/http/HttpConnection;+205 java.net.http@17.0.7
j  jdk.internal.net.http.Http2Connection.createAsync(Ljdk/internal/net/http/HttpRequestImpl;Ljdk/internal/net/http/Http2ClientImpl;Ljdk/internal/net/http/Exchange;)Ljava/util/concurrent/CompletableFuture;+33 java.net.http@17.0.7
j  jdk.internal.net.http.Http2ClientImpl.getConnectionFor(Ljdk/internal/net/http/HttpRequestImpl;Ljdk/internal/net/http/Exchange;)Ljava/util/concurrent/CompletableFuture;+221 java.net.http@17.0.7
j  jdk.internal.net.http.ExchangeImpl.get(Ljdk/internal/net/http/Exchange;Ljdk/internal/net/http/HttpConnection;)Ljava/util/concurrent/CompletableFuture;+53 java.net.http@17.0.7
j  jdk.internal.net.http.Exchange.establishExchange(Ljdk/internal/net/http/HttpConnection;)Ljava/util/concurrent/CompletableFuture;+103 java.net.http@17.0.7
j  jdk.internal.net.http.Exchange.responseAsyncImpl0(Ljdk/internal/net/http/HttpConnection;)Ljava/util/concurrent/CompletableFuture;+65 java.net.http@17.0.7
j  jdk.internal.net.http.Exchange.responseAsyncImpl(Ljdk/internal/net/http/HttpConnection;)Ljava/util/concurrent/CompletableFuture;+16 java.net.http@17.0.7
j  jdk.internal.net.http.Exchange.responseAsync()Ljava/util/concurrent/CompletableFuture;+2 java.net.http@17.0.7
j  jdk.internal.net.http.MultiExchange.responseAsyncImpl()Ljava/util/concurrent/CompletableFuture;+100 java.net.http@17.0.7
j  jdk.internal.net.http.MultiExchange.lambda$responseAsync0$2(Ljava/lang/Void;)Ljava/util/concurrent/CompletionStage;+1 java.net.http@17.0.7
j  jdk.internal.net.http.MultiExchange$$Lambda$77+0x0000000100112b88.apply(Ljava/lang/Object;)Ljava/lang/Object;+8 java.net.http@17.0.7
j  java.util.concurrent.CompletableFuture$UniCompose.tryFire(I)Ljava/util/concurrent/CompletableFuture;+105 java.base@17.0.7
j  java.util.concurrent.CompletableFuture.postComplete()V+76 java.base@17.0.7
j  java.util.concurrent.CompletableFuture$AsyncSupply.run()V+57 java.base@17.0.7
j  jdk.internal.net.http.HttpClientImpl$DelegatingExecutor.execute(Ljava/lang/Runnable;)V+26 java.net.http@17.0.7
j  java.util.concurrent.CompletableFuture.completeAsync(Ljava/util/function/Supplier;Ljava/util/concurrent/Executor;)Ljava/util/concurrent/CompletableFuture;+26 java.base@17.0.7
j  jdk.internal.net.http.MultiExchange.responseAsync(Ljava/util/concurrent/Executor;)Ljava/util/concurrent/CompletableFuture;+29 java.net.http@17.0.7
j  jdk.internal.net.http.HttpClientImpl.sendAsync(Ljava/net/http/HttpRequest;Ljava/net/http/HttpResponse$BodyHandler;Ljava/net/http/HttpResponse$PushPromiseHandler;Ljava/util/concurrent/Executor;)Ljava/util/concurrent/CompletableFuture;+152 java.net.http@17.0.7
j  jdk.internal.net.http.HttpClientImpl.send(Ljava/net/http/HttpRequest;Ljava/net/http/HttpResponse$BodyHandler;)Ljava/net/http/HttpResponse;+21 java.net.http@17.0.7
j  jdk.internal.net.http.HttpClientFacade.send(Ljava/net/http/HttpRequest;Ljava/net/http/HttpResponse$BodyHandler;)Ljava/net/http/HttpResponse;+6 java.net.http@17.0.7
j  externalApp.ExternalAppUtil.sendIdeRequest(Ljava/lang/String;ILjava/lang/String;Ljava/lang/String;)LexternalApp/ExternalAppUtil$Result;+168
j  git4idea.http.GitAskPassApp.main([Ljava/lang/String;)V+37
v  ~StubRoutines::call_stub

---------------  P R O C E S S  ---------------

Threads class SMR info:
_java_thread_list=0x00000277ce2e9440, length=13, elements={
0x00000277afa392a0, 0x00000277c99e2130, 0x00000277c99e2ce0, 0x00000277c988bfb0,
0x00000277c988c870, 0x00000277c988d320, 0x00000277c988dcd0, 0x00000277c988ea60,
0x00000277c9a32aa0, 0x00000277c9a563d0, 0x00000277c9bd2150, 0x00000277c9bd6ba0,
0x00000277ce322420
}

Java Threads: ( => current thread )
=>0x00000277afa392a0 JavaThread "main" [_thread_in_vm, id=22992, stack(0x000000a534200000,0x000000a534300000)]
  0x00000277c99e2130 JavaThread "Reference Handler" daemon [_thread_blocked, id=29632, stack(0x000000a534900000,0x000000a534a00000)]
  0x00000277c99e2ce0 JavaThread "Finalizer" daemon [_thread_blocked, id=14376, stack(0x000000a534a00000,0x000000a534b00000)]
  0x00000277c988bfb0 JavaThread "Signal Dispatcher" daemon [_thread_blocked, id=26332, stack(0x000000a534b00000,0x000000a534c00000)]
  0x00000277c988c870 JavaThread "Attach Listener" daemon [_thread_blocked, id=32528, stack(0x000000a534c00000,0x000000a534d00000)]
  0x00000277c988d320 JavaThread "Service Thread" daemon [_thread_blocked, id=9340, stack(0x000000a534d00000,0x000000a534e00000)]
  0x00000277c988dcd0 JavaThread "Monitor Deflation Thread" daemon [_thread_blocked, id=23392, stack(0x000000a534e00000,0x000000a534f00000)]
  0x00000277c988ea60 JavaThread "C2 CompilerThread0" daemon [_thread_blocked, id=34296, stack(0x000000a534f00000,0x000000a535000000)]
  0x00000277c9a32aa0 JavaThread "C1 CompilerThread0" daemon [_thread_blocked, id=13792, stack(0x000000a535000000,0x000000a535100000)]
  0x00000277c9a563d0 JavaThread "Sweeper thread" daemon [_thread_blocked, id=17680, stack(0x000000a535100000,0x000000a535200000)]
  0x00000277c9bd2150 JavaThread "Notification Thread" daemon [_thread_blocked, id=33880, stack(0x000000a535200000,0x000000a535300000)]
  0x00000277c9bd6ba0 JavaThread "Common-Cleaner" daemon [_thread_blocked, id=15100, stack(0x000000a535400000,0x000000a535500000)]
  0x00000277ce322420 JavaThread "HttpClient-1-SelectorManager" daemon [_thread_in_native, id=26828, stack(0x000000a535500000,0x000000a535600000)]

Other Threads:
  0x00000277c9889480 VMThread "VM Thread" [stack: 0x000000a534800000,0x000000a534900000] [id=5328]
  0x00000277c9bd2e40 WatcherThread [stack: 0x000000a535300000,0x000000a535400000] [id=18304]
  0x00000277afa93940 GCTaskThread "GC Thread#0" [stack: 0x000000a534300000,0x000000a534400000] [id=28612]
  0x00000277afaa5330 ConcurrentGCThread "G1 Main Marker" [stack: 0x000000a534400000,0x000000a534500000] [id=25492]
  0x00000277afaa6bf0 ConcurrentGCThread "G1 Conc#0" [stack: 0x000000a534500000,0x000000a534600000] [id=19444]
  0x00000277afaf63f0 ConcurrentGCThread "G1 Refine#0" [stack: 0x000000a534600000,0x000000a534700000] [id=31824]
  0x00000277afaf6cb0 ConcurrentGCThread "G1 Service" [stack: 0x000000a534700000,0x000000a534800000] [id=18504]

Threads with active compile tasks:

VM state: not at safepoint (normal execution)

VM Mutex/Monitor currently owned by a thread:  ([mutex/lock_event])
[0x00000277ad92ccd0] Metaspace_lock - owner thread: 0x00000277afa392a0

Heap address: 0x0000000083600000, size: 1994 MB, Compressed Oops mode: 32-bit

CDS archive(s) not mapped
Compressed class space mapped at: 0x0000000100000000-0x0000000140000000, reserved size: 1073741824
Narrow klass base: 0x0000000000000000, Narrow klass shift: 3, Narrow klass range: 0x140000000

GC Precious Log:
 CPUs: 8 total, 8 available
 Memory: 7971M
 Large Page Support: Disabled
 NUMA Support: Disabled
 Compressed Oops: Enabled (32-bit)
 Heap Region Size: 1M
 Heap Min Capacity: 8M
 Heap Initial Capacity: 126M
 Heap Max Capacity: 1994M
 Pre-touch: Disabled
 Parallel Workers: 8
 Concurrent Workers: 2
 Concurrent Refinement Workers: 8
 Periodic GC: Disabled

Heap:
 garbage-first heap   total 129024K, used 8192K [0x0000000083600000, 0x0000000100000000)
  region size 1024K, 10 young (10240K), 0 survivors (0K)
 Metaspace       used 13576K, committed 13696K, reserved 1114112K
  class space    used 1337K, committed 1408K, reserved 1048576K

Heap Regions: E=young(eden), S=young(survivor), O=old, HS=humongous(starts), HC=humongous(continues), CS=collection set, F=free, OA=open archive, CA=closed archive, TAMS=top-at-mark-start (previous, next)
|   0|0x0000000083600000, 0x0000000083600000, 0x0000000083700000|  0%| F|  |TAMS 0x0000000083600000, 0x0000000083600000| Untracked 
|   1|0x0000000083700000, 0x0000000083700000, 0x0000000083800000|  0%| F|  |TAMS 0x0000000083700000, 0x0000000083700000| Untracked 
|   2|0x0000000083800000, 0x0000000083800000, 0x0000000083900000|  0%| F|  |TAMS 0x0000000083800000, 0x0000000083800000| Untracked 
|   3|0x0000000083900000, 0x0000000083900000, 0x0000000083a00000|  0%| F|  |TAMS 0x0000000083900000, 0x0000000083900000| Untracked 
|   4|0x0000000083a00000, 0x0000000083a00000, 0x0000000083b00000|  0%| F|  |TAMS 0x0000000083a00000, 0x0000000083a00000| Untracked 
|   5|0x0000000083b00000, 0x0000000083b00000, 0x0000000083c00000|  0%| F|  |TAMS 0x0000000083b00000, 0x0000000083b00000| Untracked 
|   6|0x0000000083c00000, 0x0000000083c00000, 0x0000000083d00000|  0%| F|  |TAMS 0x0000000083c00000, 0x0000000083c00000| Untracked 
|   7|0x0000000083d00000, 0x0000000083d00000, 0x0000000083e00000|  0%| F|  |TAMS 0x0000000083d00000, 0x0000000083d00000| Untracked 
|   8|0x0000000083e00000, 0x0000000083e00000, 0x0000000083f00000|  0%| F|  |TAMS 0x0000000083e00000, 0x0000000083e00000| Untracked 
|   9|0x0000000083f00000, 0x0000000083f00000, 0x0000000084000000|  0%| F|  |TAMS 0x0000000083f00000, 0x0000000083f00000| Untracked 
|  10|0x0000000084000000, 0x0000000084000000, 0x0000000084100000|  0%| F|  |TAMS 0x0000000084000000, 0x0000000084000000| Untracked 
|  11|0x0000000084100000, 0x0000000084100000, 0x0000000084200000|  0%| F|  |TAMS 0x0000000084100000, 0x0000000084100000| Untracked 
|  12|0x0000000084200000, 0x0000000084200000, 0x0000000084300000|  0%| F|  |TAMS 0x0000000084200000, 0x0000000084200000| Untracked 
|  13|0x0000000084300000, 0x0000000084300000, 0x0000000084400000|  0%| F|  |TAMS 0x0000000084300000, 0x0000000084300000| Untracked 
|  14|0x0000000084400000, 0x0000000084400000, 0x0000000084500000|  0%| F|  |TAMS 0x0000000084400000, 0x0000000084400000| Untracked 
|  15|0x0000000084500000, 0x0000000084500000, 0x0000000084600000|  0%| F|  |TAMS 0x0000000084500000, 0x0000000084500000| Untracked 
|  16|0x0000000084600000, 0x0000000084600000, 0x0000000084700000|  0%| F|  |TAMS 0x0000000084600000, 0x0000000084600000| Untracked 
|  17|0x0000000084700000, 0x0000000084700000, 0x0000000084800000|  0%| F|  |TAMS 0x0000000084700000, 0x0000000084700000| Untracked 
|  18|0x0000000084800000, 0x0000000084800000, 0x0000000084900000|  0%| F|  |TAMS 0x0000000084800000, 0x0000000084800000| Untracked 
|  19|0x0000000084900000, 0x0000000084900000, 0x0000000084a00000|  0%| F|  |TAMS 0x0000000084900000, 0x0000000084900000| Untracked 
|  20|0x0000000084a00000, 0x0000000084a00000, 0x0000000084b00000|  0%| F|  |TAMS 0x0000000084a00000, 0x0000000084a00000| Untracked 
|  21|0x0000000084b00000, 0x0000000084b00000, 0x0000000084c00000|  0%| F|  |TAMS 0x0000000084b00000, 0x0000000084b00000| Untracked 
|  22|0x0000000084c00000, 0x0000000084c00000, 0x0000000084d00000|  0%| F|  |TAMS 0x0000000084c00000, 0x0000000084c00000| Untracked 
|  23|0x0000000084d00000, 0x0000000084d00000, 0x0000000084e00000|  0%| F|  |TAMS 0x0000000084d00000, 0x0000000084d00000| Untracked 
|  24|0x0000000084e00000, 0x0000000084e00000, 0x0000000084f00000|  0%| F|  |TAMS 0x0000000084e00000, 0x0000000084e00000| Untracked 
|  25|0x0000000084f00000, 0x0000000084f00000, 0x0000000085000000|  0%| F|  |TAMS 0x0000000084f00000, 0x0000000084f00000| Untracked 
|  26|0x0000000085000000, 0x0000000085000000, 0x0000000085100000|  0%| F|  |TAMS 0x0000000085000000, 0x0000000085000000| Untracked 
|  27|0x0000000085100000, 0x0000000085100000, 0x0000000085200000|  0%| F|  |TAMS 0x0000000085100000, 0x0000000085100000| Untracked 
|  28|0x0000000085200000, 0x0000000085200000, 0x0000000085300000|  0%| F|  |TAMS 0x0000000085200000, 0x0000000085200000| Untracked 
|  29|0x0000000085300000, 0x0000000085300000, 0x0000000085400000|  0%| F|  |TAMS 0x0000000085300000, 0x0000000085300000| Untracked 
|  30|0x0000000085400000, 0x0000000085400000, 0x0000000085500000|  0%| F|  |TAMS 0x0000000085400000, 0x0000000085400000| Untracked 
|  31|0x0000000085500000, 0x0000000085500000, 0x0000000085600000|  0%| F|  |TAMS 0x0000000085500000, 0x0000000085500000| Untracked 
|  32|0x0000000085600000, 0x0000000085600000, 0x0000000085700000|  0%| F|  |TAMS 0x0000000085600000, 0x0000000085600000| Untracked 
|  33|0x0000000085700000, 0x0000000085700000, 0x0000000085800000|  0%| F|  |TAMS 0x0000000085700000, 0x0000000085700000| Untracked 
|  34|0x0000000085800000, 0x0000000085800000, 0x0000000085900000|  0%| F|  |TAMS 0x0000000085800000, 0x0000000085800000| Untracked 
|  35|0x0000000085900000, 0x0000000085900000, 0x0000000085a00000|  0%| F|  |TAMS 0x0000000085900000, 0x0000000085900000| Untracked 
|  36|0x0000000085a00000, 0x0000000085a00000, 0x0000000085b00000|  0%| F|  |TAMS 0x0000000085a00000, 0x0000000085a00000| Untracked 
|  37|0x0000000085b00000, 0x0000000085b00000, 0x0000000085c00000|  0%| F|  |TAMS 0x0000000085b00000, 0x0000000085b00000| Untracked 
|  38|0x0000000085c00000, 0x0000000085c00000, 0x0000000085d00000|  0%| F|  |TAMS 0x0000000085c00000, 0x0000000085c00000| Untracked 
|  39|0x0000000085d00000, 0x0000000085d00000, 0x0000000085e00000|  0%| F|  |TAMS 0x0000000085d00000, 0x0000000085d00000| Untracked 
|  40|0x0000000085e00000, 0x0000000085e00000, 0x0000000085f00000|  0%| F|  |TAMS 0x0000000085e00000, 0x0000000085e00000| Untracked 
|  41|0x0000000085f00000, 0x0000000085f00000, 0x0000000086000000|  0%| F|  |TAMS 0x0000000085f00000, 0x0000000085f00000| Untracked 
|  42|0x0000000086000000, 0x0000000086000000, 0x0000000086100000|  0%| F|  |TAMS 0x0000000086000000, 0x0000000086000000| Untracked 
|  43|0x0000000086100000, 0x0000000086100000, 0x0000000086200000|  0%| F|  |TAMS 0x0000000086100000, 0x0000000086100000| Untracked 
|  44|0x0000000086200000, 0x0000000086200000, 0x0000000086300000|  0%| F|  |TAMS 0x0000000086200000, 0x0000000086200000| Untracked 
|  45|0x0000000086300000, 0x0000000086300000, 0x0000000086400000|  0%| F|  |TAMS 0x0000000086300000, 0x0000000086300000| Untracked 
|  46|0x0000000086400000, 0x0000000086400000, 0x0000000086500000|  0%| F|  |TAMS 0x0000000086400000, 0x0000000086400000| Untracked 
|  47|0x0000000086500000, 0x0000000086500000, 0x0000000086600000|  0%| F|  |TAMS 0x0000000086500000, 0x0000000086500000| Untracked 
|  48|0x0000000086600000, 0x0000000086600000, 0x0000000086700000|  0%| F|  |TAMS 0x0000000086600000, 0x0000000086600000| Untracked 
|  49|0x0000000086700000, 0x0000000086700000, 0x0000000086800000|  0%| F|  |TAMS 0x0000000086700000, 0x0000000086700000| Untracked 
|  50|0x0000000086800000, 0x0000000086800000, 0x0000000086900000|  0%| F|  |TAMS 0x0000000086800000, 0x0000000086800000| Untracked 
|  51|0x0000000086900000, 0x0000000086900000, 0x0000000086a00000|  0%| F|  |TAMS 0x0000000086900000, 0x0000000086900000| Untracked 
|  52|0x0000000086a00000, 0x0000000086a00000, 0x0000000086b00000|  0%| F|  |TAMS 0x0000000086a00000, 0x0000000086a00000| Untracked 
|  53|0x0000000086b00000, 0x0000000086b00000, 0x0000000086c00000|  0%| F|  |TAMS 0x0000000086b00000, 0x0000000086b00000| Untracked 
|  54|0x0000000086c00000, 0x0000000086c00000, 0x0000000086d00000|  0%| F|  |TAMS 0x0000000086c00000, 0x0000000086c00000| Untracked 
|  55|0x0000000086d00000, 0x0000000086d00000, 0x0000000086e00000|  0%| F|  |TAMS 0x0000000086d00000, 0x0000000086d00000| Untracked 
|  56|0x0000000086e00000, 0x0000000086e00000, 0x0000000086f00000|  0%| F|  |TAMS 0x0000000086e00000, 0x0000000086e00000| Untracked 
|  57|0x0000000086f00000, 0x0000000086f00000, 0x0000000087000000|  0%| F|  |TAMS 0x0000000086f00000, 0x0000000086f00000| Untracked 
|  58|0x0000000087000000, 0x0000000087000000, 0x0000000087100000|  0%| F|  |TAMS 0x0000000087000000, 0x0000000087000000| Untracked 
|  59|0x0000000087100000, 0x0000000087100000, 0x0000000087200000|  0%| F|  |TAMS 0x0000000087100000, 0x0000000087100000| Untracked 
|  60|0x0000000087200000, 0x0000000087200000, 0x0000000087300000|  0%| F|  |TAMS 0x0000000087200000, 0x0000000087200000| Untracked 
|  61|0x0000000087300000, 0x0000000087300000, 0x0000000087400000|  0%| F|  |TAMS 0x0000000087300000, 0x0000000087300000| Untracked 
|  62|0x0000000087400000, 0x0000000087400000, 0x0000000087500000|  0%| F|  |TAMS 0x0000000087400000, 0x0000000087400000| Untracked 
|  63|0x0000000087500000, 0x0000000087500000, 0x0000000087600000|  0%| F|  |TAMS 0x0000000087500000, 0x0000000087500000| Untracked 
|  64|0x0000000087600000, 0x0000000087600000, 0x0000000087700000|  0%| F|  |TAMS 0x0000000087600000, 0x0000000087600000| Untracked 
|  65|0x0000000087700000, 0x0000000087700000, 0x0000000087800000|  0%| F|  |TAMS 0x0000000087700000, 0x0000000087700000| Untracked 
|  66|0x0000000087800000, 0x0000000087800000, 0x0000000087900000|  0%| F|  |TAMS 0x0000000087800000, 0x0000000087800000| Untracked 
|  67|0x0000000087900000, 0x0000000087900000, 0x0000000087a00000|  0%| F|  |TAMS 0x0000000087900000, 0x0000000087900000| Untracked 
|  68|0x0000000087a00000, 0x0000000087a00000, 0x0000000087b00000|  0%| F|  |TAMS 0x0000000087a00000, 0x0000000087a00000| Untracked 
|  69|0x0000000087b00000, 0x0000000087b00000, 0x0000000087c00000|  0%| F|  |TAMS 0x0000000087b00000, 0x0000000087b00000| Untracked 
|  70|0x0000000087c00000, 0x0000000087c00000, 0x0000000087d00000|  0%| F|  |TAMS 0x0000000087c00000, 0x0000000087c00000| Untracked 
|  71|0x0000000087d00000, 0x0000000087d00000, 0x0000000087e00000|  0%| F|  |TAMS 0x0000000087d00000, 0x0000000087d00000| Untracked 
|  72|0x0000000087e00000, 0x0000000087e00000, 0x0000000087f00000|  0%| F|  |TAMS 0x0000000087e00000, 0x0000000087e00000| Untracked 
|  73|0x0000000087f00000, 0x0000000087f00000, 0x0000000088000000|  0%| F|  |TAMS 0x0000000087f00000, 0x0000000087f00000| Untracked 
|  74|0x0000000088000000, 0x0000000088000000, 0x0000000088100000|  0%| F|  |TAMS 0x0000000088000000, 0x0000000088000000| Untracked 
|  75|0x0000000088100000, 0x0000000088100000, 0x0000000088200000|  0%| F|  |TAMS 0x0000000088100000, 0x0000000088100000| Untracked 
|  76|0x0000000088200000, 0x0000000088200000, 0x0000000088300000|  0%| F|  |TAMS 0x0000000088200000, 0x0000000088200000| Untracked 
|  77|0x0000000088300000, 0x0000000088300000, 0x0000000088400000|  0%| F|  |TAMS 0x0000000088300000, 0x0000000088300000| Untracked 
|  78|0x0000000088400000, 0x0000000088400000, 0x0000000088500000|  0%| F|  |TAMS 0x0000000088400000, 0x0000000088400000| Untracked 
|  79|0x0000000088500000, 0x0000000088500000, 0x0000000088600000|  0%| F|  |TAMS 0x0000000088500000, 0x0000000088500000| Untracked 
|  80|0x0000000088600000, 0x0000000088600000, 0x0000000088700000|  0%| F|  |TAMS 0x0000000088600000, 0x0000000088600000| Untracked 
|  81|0x0000000088700000, 0x0000000088700000, 0x0000000088800000|  0%| F|  |TAMS 0x0000000088700000, 0x0000000088700000| Untracked 
|  82|0x0000000088800000, 0x0000000088800000, 0x0000000088900000|  0%| F|  |TAMS 0x0000000088800000, 0x0000000088800000| Untracked 
|  83|0x0000000088900000, 0x0000000088900000, 0x0000000088a00000|  0%| F|  |TAMS 0x0000000088900000, 0x0000000088900000| Untracked 
|  84|0x0000000088a00000, 0x0000000088a00000, 0x0000000088b00000|  0%| F|  |TAMS 0x0000000088a00000, 0x0000000088a00000| Untracked 
|  85|0x0000000088b00000, 0x0000000088b00000, 0x0000000088c00000|  0%| F|  |TAMS 0x0000000088b00000, 0x0000000088b00000| Untracked 
|  86|0x0000000088c00000, 0x0000000088c00000, 0x0000000088d00000|  0%| F|  |TAMS 0x0000000088c00000, 0x0000000088c00000| Untracked 
|  87|0x0000000088d00000, 0x0000000088d00000, 0x0000000088e00000|  0%| F|  |TAMS 0x0000000088d00000, 0x0000000088d00000| Untracked 
|  88|0x0000000088e00000, 0x0000000088e00000, 0x0000000088f00000|  0%| F|  |TAMS 0x0000000088e00000, 0x0000000088e00000| Untracked 
|  89|0x0000000088f00000, 0x0000000088f00000, 0x0000000089000000|  0%| F|  |TAMS 0x0000000088f00000, 0x0000000088f00000| Untracked 
|  90|0x0000000089000000, 0x0000000089000000, 0x0000000089100000|  0%| F|  |TAMS 0x0000000089000000, 0x0000000089000000| Untracked 
|  91|0x0000000089100000, 0x0000000089100000, 0x0000000089200000|  0%| F|  |TAMS 0x0000000089100000, 0x0000000089100000| Untracked 
|  92|0x0000000089200000, 0x0000000089200000, 0x0000000089300000|  0%| F|  |TAMS 0x0000000089200000, 0x0000000089200000| Untracked 
|  93|0x0000000089300000, 0x0000000089300000, 0x0000000089400000|  0%| F|  |TAMS 0x0000000089300000, 0x0000000089300000| Untracked 
|  94|0x0000000089400000, 0x0000000089400000, 0x0000000089500000|  0%| F|  |TAMS 0x0000000089400000, 0x0000000089400000| Untracked 
|  95|0x0000000089500000, 0x0000000089500000, 0x0000000089600000|  0%| F|  |TAMS 0x0000000089500000, 0x0000000089500000| Untracked 
|  96|0x0000000089600000, 0x0000000089600000, 0x0000000089700000|  0%| F|  |TAMS 0x0000000089600000, 0x0000000089600000| Untracked 
|  97|0x0000000089700000, 0x0000000089700000, 0x0000000089800000|  0%| F|  |TAMS 0x0000000089700000, 0x0000000089700000| Untracked 
|  98|0x0000000089800000, 0x0000000089800000, 0x0000000089900000|  0%| F|  |TAMS 0x0000000089800000, 0x0000000089800000| Untracked 
|  99|0x0000000089900000, 0x0000000089900000, 0x0000000089a00000|  0%| F|  |TAMS 0x0000000089900000, 0x0000000089900000| Untracked 
| 100|0x0000000089a00000, 0x0000000089a00000, 0x0000000089b00000|  0%| F|  |TAMS 0x0000000089a00000, 0x0000000089a00000| Untracked 
| 101|0x0000000089b00000, 0x0000000089b00000, 0x0000000089c00000|  0%| F|  |TAMS 0x0000000089b00000, 0x0000000089b00000| Untracked 
| 102|0x0000000089c00000, 0x0000000089c00000, 0x0000000089d00000|  0%| F|  |TAMS 0x0000000089c00000, 0x0000000089c00000| Untracked 
| 103|0x0000000089d00000, 0x0000000089d00000, 0x0000000089e00000|  0%| F|  |TAMS 0x0000000089d00000, 0x0000000089d00000| Untracked 
| 104|0x0000000089e00000, 0x0000000089e00000, 0x0000000089f00000|  0%| F|  |TAMS 0x0000000089e00000, 0x0000000089e00000| Untracked 
| 105|0x0000000089f00000, 0x0000000089f00000, 0x000000008a000000|  0%| F|  |TAMS 0x0000000089f00000, 0x0000000089f00000| Untracked 
| 106|0x000000008a000000, 0x000000008a000000, 0x000000008a100000|  0%| F|  |TAMS 0x000000008a000000, 0x000000008a000000| Untracked 
| 107|0x000000008a100000, 0x000000008a100000, 0x000000008a200000|  0%| F|  |TAMS 0x000000008a100000, 0x000000008a100000| Untracked 
| 108|0x000000008a200000, 0x000000008a200000, 0x000000008a300000|  0%| F|  |TAMS 0x000000008a200000, 0x000000008a200000| Untracked 
| 109|0x000000008a300000, 0x000000008a300000, 0x000000008a400000|  0%| F|  |TAMS 0x000000008a300000, 0x000000008a300000| Untracked 
| 110|0x000000008a400000, 0x000000008a400000, 0x000000008a500000|  0%| F|  |TAMS 0x000000008a400000, 0x000000008a400000| Untracked 
| 111|0x000000008a500000, 0x000000008a500000, 0x000000008a600000|  0%| F|  |TAMS 0x000000008a500000, 0x000000008a500000| Untracked 
| 112|0x000000008a600000, 0x000000008a600000, 0x000000008a700000|  0%| F|  |TAMS 0x000000008a600000, 0x000000008a600000| Untracked 
| 113|0x000000008a700000, 0x000000008a700000, 0x000000008a800000|  0%| F|  |TAMS 0x000000008a700000, 0x000000008a700000| Untracked 
| 114|0x000000008a800000, 0x000000008a800000, 0x000000008a900000|  0%| F|  |TAMS 0x000000008a800000, 0x000000008a800000| Untracked 
| 115|0x000000008a900000, 0x000000008a900000, 0x000000008aa00000|  0%| F|  |TAMS 0x000000008a900000, 0x000000008a900000| Untracked 
| 116|0x000000008aa00000, 0x000000008ab00000, 0x000000008ab00000|100%| E|  |TAMS 0x000000008aa00000, 0x000000008aa00000| Complete 
| 117|0x000000008ab00000, 0x000000008ac00000, 0x000000008ac00000|100%| E|  |TAMS 0x000000008ab00000, 0x000000008ab00000| Complete 
| 118|0x000000008ac00000, 0x000000008ad00000, 0x000000008ad00000|100%| E|CS|TAMS 0x000000008ac00000, 0x000000008ac00000| Complete 
| 119|0x000000008ad00000, 0x000000008ae00000, 0x000000008ae00000|100%| E|CS|TAMS 0x000000008ad00000, 0x000000008ad00000| Complete 
| 120|0x000000008ae00000, 0x000000008af00000, 0x000000008af00000|100%| E|CS|TAMS 0x000000008ae00000, 0x000000008ae00000| Complete 
| 121|0x000000008af00000, 0x000000008b000000, 0x000000008b000000|100%| E|CS|TAMS 0x000000008af00000, 0x000000008af00000| Complete 
| 122|0x000000008b000000, 0x000000008b100000, 0x000000008b100000|100%| E|CS|TAMS 0x000000008b000000, 0x000000008b000000| Complete 
| 123|0x000000008b100000, 0x000000008b200000, 0x000000008b200000|100%| E|CS|TAMS 0x000000008b100000, 0x000000008b100000| Complete 
| 124|0x000000008b200000, 0x000000008b300000, 0x000000008b300000|100%| E|CS|TAMS 0x000000008b200000, 0x000000008b200000| Complete 
| 125|0x000000008b300000, 0x000000008b400000, 0x000000008b400000|100%| E|CS|TAMS 0x000000008b300000, 0x000000008b300000| Complete 

Card table byte_map: [0x00000277c28d0000,0x00000277c2cc0000] _byte_map_base: 0x00000277c24b5000

Marking Bits (Prev, Next): (CMBitMap*) 0x00000277afa94f60, (CMBitMap*) 0x00000277afa94fa0
 Prev Bits: [0x00000277c30b0000, 0x00000277c4fd8000)
 Next Bits: [0x00000277c4fe0000, 0x00000277c6f08000)

Polling page: 0x00000277af200000

Metaspace:

Usage:
  Non-class:     11.95 MB used.
      Class:      1.31 MB used.
       Both:     13.26 MB used.

Virtual space:
  Non-class space:       64.00 MB reserved,      12.00 MB ( 19%) committed,  1 nodes.
      Class space:        1.00 GB reserved,       1.38 MB ( <1%) committed,  1 nodes.
             Both:        1.06 GB reserved,      13.38 MB (  1%) committed. 

Chunk freelists:
   Non-Class:  3.83 MB
       Class:  14.63 MB
        Both:  18.46 MB

MaxMetaspaceSize: unlimited
CompressedClassSpaceSize: 1.00 GB
Initial GC threshold: 21.00 MB
Current GC threshold: 21.00 MB
CDS: off
MetaspaceReclaimPolicy: balanced
 - commit_granule_bytes: 65536.
 - commit_granule_words: 8192.
 - virtual_space_node_default_size: 8388608.
 - enlarge_chunks_in_place: 1.
 - new_chunks_are_fully_committed: 0.
 - uncommit_free_chunks: 1.
 - use_allocation_guard: 0.
 - handle_deallocations: 1.


Internal statistics:

num_allocs_failed_limit: 0.
num_arena_births: 90.
num_arena_deaths: 0.
num_vsnodes_births: 2.
num_vsnodes_deaths: 0.
num_space_committed: 214.
num_space_uncommitted: 0.
num_chunks_returned_to_freelist: 0.
num_chunks_taken_from_freelist: 185.
num_chunk_merges: 0.
num_chunk_splits: 104.
num_chunks_enlarged: 68.
num_inconsistent_stats: 0.

CodeHeap 'non-profiled nmethods': size=120000Kb used=238Kb max_used=238Kb free=119761Kb
 bounds [0x00000277bac80000, 0x00000277baef0000, 0x00000277c21b0000]
CodeHeap 'profiled nmethods': size=120000Kb used=1189Kb max_used=1189Kb free=118810Kb
 bounds [0x00000277b31b0000, 0x00000277b3420000, 0x00000277ba6e0000]
CodeHeap 'non-nmethods': size=5760Kb used=1183Kb max_used=1198Kb free=4576Kb
 bounds [0x00000277ba6e0000, 0x00000277ba950000, 0x00000277bac80000]
 total_blobs=1266 nmethods=800 adapters=379
 compilation: enabled
              stopped_count=0, restarted_count=0
 full_count=0

Compilation events (20 events):
Event: 0.674 Thread 0x00000277c9a32aa0  791       3       java.lang.invoke.InvokerBytecodeGenerator::loadInsnOpcode (98 bytes)
Event: 0.674 Thread 0x00000277c9a32aa0 nmethod 791 0x00000277b32d3d10 code [0x00000277b32d3f80, 0x00000277b32d4978]
Event: 0.676 Thread 0x00000277c9a32aa0  792       3       java.lang.invoke.MethodHandles$Lookup::hasFullPrivilegeAccess (18 bytes)
Event: 0.676 Thread 0x00000277c9a32aa0 nmethod 792 0x00000277b32d4c90 code [0x00000277b32d4e20, 0x00000277b32d4f98]
Event: 0.676 Thread 0x00000277c9a32aa0  793       3       java.lang.invoke.MethodHandles$Lookup::checkSecurityManager (97 bytes)
Event: 0.677 Thread 0x00000277c9a32aa0 nmethod 793 0x00000277b32d5010 code [0x00000277b32d5320, 0x00000277b32d6378]
Event: 0.677 Thread 0x00000277c9a32aa0  794       3       jdk.internal.org.objectweb.asm.ClassWriter::visitMethod (57 bytes)
Event: 0.677 Thread 0x00000277c9a32aa0 nmethod 794 0x00000277b32d6910 code [0x00000277b32d6ac0, 0x00000277b32d6e28]
Event: 0.677 Thread 0x00000277c9a32aa0  796       3       java.lang.ref.PhantomReference::<init> (7 bytes)
Event: 0.677 Thread 0x00000277c9a32aa0 nmethod 796 0x00000277b32d6f90 code [0x00000277b32d7140, 0x00000277b32d7418]
Event: 0.677 Thread 0x00000277c9a32aa0  795       1       jdk.internal.org.objectweb.asm.SymbolTable::getConstantPoolCount (5 bytes)
Event: 0.677 Thread 0x00000277c9a32aa0 nmethod 795 0x00000277bacbb710 code [0x00000277bacbb8a0, 0x00000277bacbb978]
Event: 0.677 Thread 0x00000277c9a32aa0  797       3       java.lang.invoke.MethodTypeForm::cachedLambdaForm (23 bytes)
Event: 0.678 Thread 0x00000277c9a32aa0 nmethod 797 0x00000277b32d7510 code [0x00000277b32d76c0, 0x00000277b32d7a08]
Event: 0.678 Thread 0x00000277c9a32aa0  798       3       jdk.internal.ref.PhantomCleanable::<init> (49 bytes)
Event: 0.678 Thread 0x00000277c9a32aa0 nmethod 798 0x00000277b32d7b10 code [0x00000277b32d7d60, 0x00000277b32d8858]
Event: 0.678 Thread 0x00000277c9a32aa0  799   !   3       jdk.internal.ref.PhantomCleanable::insert (53 bytes)
Event: 0.678 Thread 0x00000277c9a32aa0 nmethod 799 0x00000277b32d8b90 code [0x00000277b32d8d40, 0x00000277b32d90b8]
Event: 0.679 Thread 0x00000277c9a32aa0  800       3       jdk.internal.ref.CleanerFactory::cleaner (4 bytes)
Event: 0.679 Thread 0x00000277c9a32aa0 nmethod 800 0x00000277b32d9210 code [0x00000277b32d93a0, 0x00000277b32d9498]

GC Heap History (0 events):
No events

Dll operation events (1 events):
Event: 0.011 Loaded shared library C:\Program Files\JetBrains\IntelliJ IDEA 2023.1.3\jbr\bin\java.dll

Deoptimization events (16 events):
Event: 0.224 Thread 0x00000277afa392a0 Uncommon trap: trap_request=0xffffff45 fr.pc=0x00000277bac845bc relative=0x00000000000001bc
Event: 0.224 Thread 0x00000277afa392a0 Uncommon trap: reason=unstable_if action=reinterpret pc=0x00000277bac845bc method=java.lang.String.hashCode()I @ 20 c2
Event: 0.224 Thread 0x00000277afa392a0 DEOPT PACKING pc=0x00000277bac845bc sp=0x000000a5342fca60
Event: 0.224 Thread 0x00000277afa392a0 DEOPT UNPACKING pc=0x00000277ba73a1a3 sp=0x000000a5342fc9f0 mode 2
Event: 0.516 Thread 0x00000277afa392a0 Uncommon trap: trap_request=0xffffff45 fr.pc=0x00000277baca0474 relative=0x0000000000000074
Event: 0.516 Thread 0x00000277afa392a0 Uncommon trap: reason=unstable_if action=reinterpret pc=0x00000277baca0474 method=jdk.internal.misc.Unsafe.convEndian(ZI)I @ 4 c2
Event: 0.516 Thread 0x00000277afa392a0 DEOPT PACKING pc=0x00000277baca0474 sp=0x000000a5342fdf30
Event: 0.516 Thread 0x00000277afa392a0 DEOPT UNPACKING pc=0x00000277ba73a1a3 sp=0x000000a5342fde60 mode 2
Event: 0.626 Thread 0x00000277afa392a0 DEOPT PACKING pc=0x00000277b31c5867 sp=0x000000a5342fd240
Event: 0.626 Thread 0x00000277afa392a0 DEOPT UNPACKING pc=0x00000277ba73ace3 sp=0x000000a5342fc660 mode 0
Event: 0.635 Thread 0x00000277afa392a0 Uncommon trap: trap_request=0xffffff45 fr.pc=0x00000277bac97338 relative=0x0000000000000418
Event: 0.635 Thread 0x00000277afa392a0 Uncommon trap: reason=unstable_if action=reinterpret pc=0x00000277bac97338 method=java.lang.StringLatin1.newString([BII)Ljava/lang/String; @ 1 c2
Event: 0.635 Thread 0x00000277afa392a0 DEOPT PACKING pc=0x00000277bac97338 sp=0x000000a5342fe730
Event: 0.635 Thread 0x00000277afa392a0 DEOPT UNPACKING pc=0x00000277ba73a1a3 sp=0x000000a5342fe6f8 mode 2
Event: 0.660 Thread 0x00000277afa392a0 DEOPT PACKING pc=0x00000277b31c4851 sp=0x000000a5342fa2a0
Event: 0.660 Thread 0x00000277afa392a0 DEOPT UNPACKING pc=0x00000277ba73ace3 sp=0x000000a5342f9718 mode 0

Classes unloaded (0 events):
No events

Classes redefined (0 events):
No events

Internal exceptions (19 events):
Event: 0.185 Thread 0x00000277afa392a0 Exception <a 'sun/nio/fs/WindowsException'{0x000000008b17cee0}> (0x000000008b17cee0) 
thrown [s\src\hotspot\share\prims\jni.cpp, line 517]
Event: 0.204 Thread 0x00000277afa392a0 Exception <a 'java/lang/NoSuchMethodError'{0x000000008b1a8580}: 'int java.lang.invoke.DirectMethodHandle$Holder.invokeStaticInit(java.lang.Object, java.lang.Object, java.lang.Object, java.lang.Object)'> (0x000000008b1a8580) 
thrown [s\src\hotspot\share\interpreter\linkResolver.cpp, line 771]
Event: 0.206 Thread 0x00000277afa392a0 Exception <a 'java/lang/NoSuchMethodError'{0x000000008b1b3250}: 'java.lang.Object java.lang.invoke.DirectMethodHandle$Holder.invokeInterface(java.lang.Object, java.lang.Object)'> (0x000000008b1b3250) 
thrown [s\src\hotspot\share\interpreter\linkResolver.cpp, line 771]
Event: 0.207 Thread 0x00000277afa392a0 Exception <a 'java/lang/IncompatibleClassChangeError'{0x000000008b1b6b70}: Found class java.lang.Object, but interface was expected> (0x000000008b1b6b70) 
thrown [s\src\hotspot\share\interpreter\linkResolver.cpp, line 838]
Event: 0.207 Thread 0x00000277afa392a0 Exception <a 'java/lang/NoSuchMethodError'{0x000000008b1b9f20}: 'void java.lang.invoke.DirectMethodHandle$Holder.invokeStatic(java.lang.Object, java.lang.Object)'> (0x000000008b1b9f20) 
thrown [s\src\hotspot\share\interpreter\linkResolver.cpp, line 771]
Event: 0.208 Thread 0x00000277afa392a0 Exception <a 'java/lang/NoSuchMethodError'{0x000000008b1bd838}: 'void java.lang.invoke.DirectMethodHandle$Holder.invokeStaticInit(java.lang.Object, java.lang.Object)'> (0x000000008b1bd838) 
thrown [s\src\hotspot\share\interpreter\linkResolver.cpp, line 771]
Event: 0.209 Thread 0x00000277afa392a0 Exception <a 'java/lang/NoSuchMethodError'{0x000000008b1c4130}: 'int java.lang.invoke.DirectMethodHandle$Holder.invokeStaticInit(java.lang.Object, java.lang.Object)'> (0x000000008b1c4130) 
thrown [s\src\hotspot\share\interpreter\linkResolver.cpp, line 771]
Event: 0.244 Thread 0x00000277afa392a0 Exception <a 'java/lang/NoSuchMethodError'{0x000000008b0ac418}: 'java.lang.Object java.lang.invoke.DirectMethodHandle$Holder.invokeStaticInit(java.lang.Object, int, int, int, int)'> (0x000000008b0ac418) 
thrown [s\src\hotspot\share\interpreter\linkResolver.cpp, line 771]
Event: 0.513 Thread 0x00000277afa392a0 Exception <a 'java/lang/NoSuchMethodError'{0x000000008af8d930}: 'java.lang.Object java.lang.invoke.DirectMethodHandle$Holder.invokeStaticInit(java.lang.Object, java.lang.Object, int, int, int, int)'> (0x000000008af8d930) 
thrown [s\src\hotspot\share\interpreter\linkResolver.cpp, line 771]
Event: 0.525 Thread 0x00000277afa392a0 Exception <a 'java/lang/NoSuchMethodError'{0x000000008aff6a30}: 'java.lang.Object java.lang.invoke.DirectMethodHandle$Holder.invokeStatic(java.lang.Object, java.lang.Object, int)'> (0x000000008aff6a30) 
thrown [s\src\hotspot\share\interpreter\linkResolver.cpp, line 771]
Event: 0.525 Thread 0x00000277afa392a0 Exception <a 'java/lang/NoSuchMethodError'{0x000000008affa1a8}: 'java.lang.Object java.lang.invoke.DirectMethodHandle$Holder.invokeStaticInit(java.lang.Object, java.lang.Object, int)'> (0x000000008affa1a8) 
thrown [s\src\hotspot\share\interpreter\linkResolver.cpp, line 771]
Event: 0.526 Thread 0x00000277afa392a0 Exception <a 'java/lang/NoSuchMethodError'{0x000000008ae009f8}: 'java.lang.Object java.lang.invoke.DirectMethodHandle$Holder.newInvokeSpecial(java.lang.Object, java.lang.Object, int)'> (0x000000008ae009f8) 
thrown [s\src\hotspot\share\interpreter\linkResolver.cpp, line 771]
Event: 0.529 Thread 0x00000277afa392a0 Exception <a 'java/lang/NoSuchMethodError'{0x000000008ae102f8}: 'int java.lang.invoke.DirectMethodHandle$Holder.invokeStaticInit(java.lang.Object, java.lang.Object, java.lang.Object)'> (0x000000008ae102f8) 
thrown [s\src\hotspot\share\interpreter\linkResolver.cpp, line 771]
Event: 0.532 Thread 0x00000277afa392a0 Exception <a 'java/lang/NoSuchMethodError'{0x000000008ae204d8}: 'int java.lang.invoke.DirectMethodHandle$Holder.invokeSpecial(java.lang.Object, java.lang.Object, java.lang.Object)'> (0x000000008ae204d8) 
thrown [s\src\hotspot\share\interpreter\linkResolver.cpp, line 771]
Event: 0.533 Thread 0x00000277afa392a0 Exception <a 'java/lang/NoSuchMethodError'{0x000000008ae288b8}: 'int java.lang.invoke.DirectMethodHandle$Holder.invokeSpecialIFC(java.lang.Object, java.lang.Object, java.lang.Object)'> (0x000000008ae288b8) 
thrown [s\src\hotspot\share\interpreter\linkResolver.cpp, line 771]
Event: 0.564 Thread 0x00000277afa392a0 Exception <a 'java/lang/NoSuchMethodError'{0x000000008aeb4bf8}: 'java.lang.Object java.lang.invoke.DirectMethodHandle$Holder.invokeStaticInit(java.lang.Object)'> (0x000000008aeb4bf8) 
thrown [s\src\hotspot\share\interpreter\linkResolver.cpp, line 771]
Event: 0.643 Thread 0x00000277afa392a0 Exception <a 'java/lang/NoSuchMethodError'{0x000000008acf4a78}: 'java.lang.Object java.lang.invoke.DirectMethodHandle$Holder.newInvokeSpecial(java.lang.Object, java.lang.Object, java.lang.Object, java.lang.Object, java.lang.Object)'> (0x000000008acf4a78) 
thrown [s\src\hotspot\share\interpreter\linkResolver.cpp, line 771]
Event: 0.673 Thread 0x00000277afa392a0 Exception <a 'java/lang/NoSuchMethodError'{0x000000008aa814a8}: 'java.lang.Object java.lang.invoke.DirectMethodHandle$Holder.invokeSpecial(java.lang.Object, java.lang.Object, java.lang.Object, java.lang.Object, int)'> (0x000000008aa814a8) 
thrown [s\src\hotspot\share\interpreter\linkResolver.cpp, line 771]
Event: 0.673 Thread 0x00000277afa392a0 Exception <a 'java/lang/NoSuchMethodError'{0x000000008aa85070}: 'java.lang.Object java.lang.invoke.Invokers$Holder.linkToTargetMethod(java.lang.Object, java.lang.Object, int, java.lang.Object)'> (0x000000008aa85070) 
thrown [s\src\hotspot\share\interpreter\linkResolver.cpp, line 771]

VM Operations (8 events):
Event: 0.108 Executing VM operation: HandshakeAllThreads
Event: 0.108 Executing VM operation: HandshakeAllThreads done
Event: 0.121 Executing VM operation: HandshakeAllThreads
Event: 0.121 Executing VM operation: HandshakeAllThreads done
Event: 0.265 Executing VM operation: HandshakeAllThreads
Event: 0.265 Executing VM operation: HandshakeAllThreads done
Event: 0.567 Executing VM operation: HandshakeAllThreads
Event: 0.567 Executing VM operation: HandshakeAllThreads done

Events (20 events):
Event: 0.672 loading class java/util/TreeMap$EntrySet done
Event: 0.672 loading class java/util/TreeMap$EntryIterator
Event: 0.672 loading class java/util/TreeMap$EntryIterator done
Event: 0.674 loading class java/net/InetSocketAddress$InetSocketAddressHolder
Event: 0.674 loading class java/net/InetSocketAddress$InetSocketAddressHolder done
Event: 0.678 loading class sun/security/ssl/SSLEngineImpl
Event: 0.678 loading class javax/net/ssl/SSLEngine
Event: 0.678 loading class javax/net/ssl/SSLEngine done
Event: 0.678 loading class sun/security/ssl/SSLEngineImpl done
Event: 0.678 loading class sun/security/ssl/SSLEngineInputRecord
Event: 0.679 loading class sun/security/ssl/SSLEngineInputRecord done
Event: 0.679 loading class sun/security/ssl/SSLEngineOutputRecord
Event: 0.679 loading class sun/security/ssl/SSLEngineOutputRecord done
Event: 0.679 loading class sun/security/ssl/SSLConfiguration$CustomizedServerSignatureSchemes
Event: 0.679 loading class sun/security/ssl/SSLConfiguration$CustomizedServerSignatureSchemes done
Event: 0.679 loading class java/util/Collections$UnmodifiableList
Event: 0.679 loading class java/util/Collections$UnmodifiableList done
Event: 0.679 loading class java/util/Collections$UnmodifiableRandomAccessList
Event: 0.679 loading class java/util/Collections$UnmodifiableRandomAccessList done
Event: 0.680 loading class java/util/concurrent/ConcurrentLinkedDeque


Dynamic libraries:
0x00007ff661790000 - 0x00007ff66179a000 	C:\Program Files\JetBrains\IntelliJ IDEA 2023.1.3\jbr\bin\java.exe
0x00007ffbe4b30000 - 0x00007ffbe4d44000 	C:\Windows\SYSTEM32\ntdll.dll
0x00007ffbe34c0000 - 0x00007ffbe3582000 	C:\Windows\System32\KERNEL32.DLL
0x00007ffbe21b0000 - 0x00007ffbe2553000 	C:\Windows\System32\KERNELBASE.dll
0x00007ffbe1ff0000 - 0x00007ffbe2101000 	C:\Windows\System32\ucrtbase.dll
0x00007ffbd31e0000 - 0x00007ffbd31f7000 	C:\Program Files\JetBrains\IntelliJ IDEA 2023.1.3\jbr\bin\jli.dll
0x00007ffba8ff0000 - 0x00007ffba900b000 	C:\Program Files\JetBrains\IntelliJ IDEA 2023.1.3\jbr\bin\VCRUNTIME140.dll
0x00007ffbe4670000 - 0x00007ffbe481b000 	C:\Windows\System32\USER32.dll
0x00007ffbe25e0000 - 0x00007ffbe2606000 	C:\Windows\System32\win32u.dll
0x00007ffbc66b0000 - 0x00007ffbc693e000 	C:\Windows\WinSxS\amd64_microsoft.windows.common-controls_6595b64144ccf1df_6.0.22621.1635_none_270f70857386168e\COMCTL32.dll
0x00007ffbe3c40000 - 0x00007ffbe3c69000 	C:\Windows\System32\GDI32.dll
0x00007ffbe48b0000 - 0x00007ffbe4957000 	C:\Windows\System32\msvcrt.dll
0x00007ffbe2780000 - 0x00007ffbe2899000 	C:\Windows\System32\gdi32full.dll
0x00007ffbe2110000 - 0x00007ffbe21aa000 	C:\Windows\System32\msvcp_win.dll
0x00007ffbe2fd0000 - 0x00007ffbe3001000 	C:\Windows\System32\IMM32.DLL
0x00007ffbda6e0000 - 0x00007ffbda6ec000 	C:\Program Files\JetBrains\IntelliJ IDEA 2023.1.3\jbr\bin\vcruntime140_1.dll
0x00007ffb912c0000 - 0x00007ffb9134d000 	C:\Program Files\JetBrains\IntelliJ IDEA 2023.1.3\jbr\bin\msvcp140.dll
0x00007ffb8e4c0000 - 0x00007ffb8f12e000 	C:\Program Files\JetBrains\IntelliJ IDEA 2023.1.3\jbr\bin\server\jvm.dll
0x00007ffbe2920000 - 0x00007ffbe29ce000 	C:\Windows\System32\ADVAPI32.dll
0x00007ffbe31b0000 - 0x00007ffbe3254000 	C:\Windows\System32\sechost.dll
0x00007ffbe2e50000 - 0x00007ffbe2f67000 	C:\Windows\System32\RPCRT4.dll
0x00007ffbc91b0000 - 0x00007ffbc91b9000 	C:\Windows\SYSTEM32\WSOCK32.dll
0x00007ffbe3c70000 - 0x00007ffbe3ce1000 	C:\Windows\System32\WS2_32.dll
0x00007ffbd5780000 - 0x00007ffbd57b4000 	C:\Windows\SYSTEM32\WINMM.dll
0x00007ffbd5130000 - 0x00007ffbd513a000 	C:\Windows\SYSTEM32\VERSION.dll
0x00007ffbe0f40000 - 0x00007ffbe0f58000 	C:\Windows\SYSTEM32\kernel.appcore.dll
0x00007ffbdbf10000 - 0x00007ffbdbf1a000 	C:\Program Files\JetBrains\IntelliJ IDEA 2023.1.3\jbr\bin\jimage.dll
0x00007ffbdf8b0000 - 0x00007ffbdfade000 	C:\Windows\SYSTEM32\DBGHELP.DLL
0x00007ffbe29e0000 - 0x00007ffbe2d69000 	C:\Windows\System32\combase.dll
0x00007ffbe2d70000 - 0x00007ffbe2e47000 	C:\Windows\System32\OLEAUT32.dll
0x00007ffbc77c0000 - 0x00007ffbc77f2000 	C:\Windows\SYSTEM32\dbgcore.DLL
0x00007ffbe2560000 - 0x00007ffbe25db000 	C:\Windows\System32\bcryptPrimitives.dll
0x00007ffbdab20000 - 0x00007ffbdab45000 	C:\Program Files\JetBrains\IntelliJ IDEA 2023.1.3\jbr\bin\java.dll
0x00007ffbdbe60000 - 0x00007ffbdbe78000 	C:\Program Files\JetBrains\IntelliJ IDEA 2023.1.3\jbr\bin\zip.dll
0x00007ffbe3d70000 - 0x00007ffbe456a000 	C:\Windows\System32\SHELL32.dll
0x00007ffbdfee0000 - 0x00007ffbe07ae000 	C:\Windows\SYSTEM32\windows.storage.dll
0x00007ffbdfda0000 - 0x00007ffbdfede000 	C:\Windows\SYSTEM32\wintypes.dll
0x00007ffbe33c0000 - 0x00007ffbe34b1000 	C:\Windows\System32\SHCORE.dll
0x00007ffbe4a90000 - 0x00007ffbe4aee000 	C:\Windows\System32\shlwapi.dll
0x00007ffbe1e60000 - 0x00007ffbe1e81000 	C:\Windows\SYSTEM32\profapi.dll
0x00007ffbda750000 - 0x00007ffbda769000 	C:\Program Files\JetBrains\IntelliJ IDEA 2023.1.3\jbr\bin\net.dll
0x00007ffbd8f20000 - 0x00007ffbd9057000 	C:\Windows\SYSTEM32\WINHTTP.dll
0x00007ffbe13a0000 - 0x00007ffbe1409000 	C:\Windows\system32\mswsock.dll
0x00007ffbd79a0000 - 0x00007ffbd79b6000 	C:\Program Files\JetBrains\IntelliJ IDEA 2023.1.3\jbr\bin\nio.dll
0x00007ffbe1730000 - 0x00007ffbe174b000 	C:\Windows\SYSTEM32\CRYPTSP.dll
0x00007ffbe0eb0000 - 0x00007ffbe0ee5000 	C:\Windows\system32\rsaenh.dll
0x00007ffbe1440000 - 0x00007ffbe1468000 	C:\Windows\SYSTEM32\USERENV.dll
0x00007ffbe1900000 - 0x00007ffbe1928000 	C:\Windows\SYSTEM32\bcrypt.dll
0x00007ffbe16a0000 - 0x00007ffbe16ac000 	C:\Windows\SYSTEM32\CRYPTBASE.dll
0x00007ffbe0a10000 - 0x00007ffbe0a3d000 	C:\Windows\SYSTEM32\IPHLPAPI.DLL
0x00007ffbe3590000 - 0x00007ffbe3599000 	C:\Windows\System32\NSI.dll
0x00007ffbd70a0000 - 0x00007ffbd70b9000 	C:\Windows\SYSTEM32\dhcpcsvc6.DLL
0x00007ffbd7080000 - 0x00007ffbd709f000 	C:\Windows\SYSTEM32\dhcpcsvc.DLL
0x00007ffbe0a40000 - 0x00007ffbe0b33000 	C:\Windows\SYSTEM32\DNSAPI.dll
0x00007ffbda6d0000 - 0x00007ffbda6de000 	C:\Program Files\JetBrains\IntelliJ IDEA 2023.1.3\jbr\bin\sunmscapi.dll
0x00007ffbe2610000 - 0x00007ffbe2777000 	C:\Windows\System32\CRYPT32.dll
0x00007ffbe18d0000 - 0x00007ffbe18fe000 	C:\Windows\SYSTEM32\ncrypt.dll
0x00007ffbe1890000 - 0x00007ffbe18c7000 	C:\Windows\SYSTEM32\NTASN1.dll
0x00007ffbd7980000 - 0x00007ffbd7988000 	C:\Windows\system32\wshunix.dll

dbghelp: loaded successfully - version: 4.0.5 - missing functions: none
symbol engine: initialized successfully - sym options: 0x614 - pdb path: .;C:\Program Files\JetBrains\IntelliJ IDEA 2023.1.3\jbr\bin;C:\Windows\SYSTEM32;C:\Windows\WinSxS\amd64_microsoft.windows.common-controls_6595b64144ccf1df_6.0.22621.1635_none_270f70857386168e;C:\Program Files\JetBrains\IntelliJ IDEA 2023.1.3\jbr\bin\server

VM Arguments:
java_command: git4idea.http.GitAskPassApp Username for 'https://github.com': 
java_class_path (initial): C:/Program Files/JetBrains/IntelliJ IDEA 2023.1.3/plugins/vcs-git/lib/git4idea-rt.jar;C:/Program Files/JetBrains/IntelliJ IDEA 2023.1.3/lib/externalProcess-rt.jar
Launcher Type: SUN_STANDARD

[Global flags]
     intx CICompilerCount                          = 4                                         {product} {ergonomic}
     uint ConcGCThreads                            = 2                                         {product} {ergonomic}
     uint G1ConcRefinementThreads                  = 8                                         {product} {ergonomic}
   size_t G1HeapRegionSize                         = 1048576                                   {product} {ergonomic}
    uintx GCDrainStackTargetSize                   = 64                                        {product} {ergonomic}
   size_t InitialHeapSize                          = 132120576                                 {product} {ergonomic}
   size_t MarkStackSize                            = 4194304                                   {product} {ergonomic}
   size_t MaxHeapSize                              = 2090860544                                {product} {ergonomic}
   size_t MaxNewSize                               = 1254096896                                {product} {ergonomic}
   size_t MinHeapDeltaBytes                        = 1048576                                   {product} {ergonomic}
   size_t MinHeapSize                              = 8388608                                   {product} {ergonomic}
    uintx NonNMethodCodeHeapSize                   = 5839372                                {pd product} {ergonomic}
    uintx NonProfiledCodeHeapSize                  = 122909434                              {pd product} {ergonomic}
    uintx ProfiledCodeHeapSize                     = 122909434                              {pd product} {ergonomic}
    uintx ReservedCodeCacheSize                    = 251658240                              {pd product} {ergonomic}
     bool SegmentedCodeCache                       = true                                      {product} {ergonomic}
   size_t SoftMaxHeapSize                          = 2090860544                             {manageable} {ergonomic}
     bool UseCompressedClassPointers               = true                           {product lp64_product} {ergonomic}
     bool UseCompressedOops                        = true                           {product lp64_product} {ergonomic}
     bool UseG1GC                                  = true                                      {product} {ergonomic}
     bool UseLargePagesIndividualAllocation        = false                                  {pd product} {ergonomic}

Logging:
Log output configuration:
 #0: stdout all=warning uptime,level,tags
 #1: stderr all=off uptime,level,tags

Environment Variables:
PATH=C:\Program Files\Git\mingw64\libexec\git-core;C:\Program Files\Git\mingw64\libexec\git-core;C:\Program Files\Git\mingw64\bin;C:\Program Files\Git\usr\bin;C:\Users\mrahm\bin;C:\Program Files\Common Files\Oracle\Java\javapath;C:\Program Files (x86)\Common Files\Oracle\Java\javapath;C:\Windows\system32;C:\Windows;C:\Windows\System32\Wbem;C:\Windows\System32\WindowsPowerShell\v1.0;C:\Windows\System32\OpenSSH;C:\Program Files\Docker\Docker\resources\bin;C:\Program Files (x86)\Microsoft SQL Server\160\Tools\Binn;C:\Program Files\Microsoft SQL Server\160\Tools\Binn;C:\Program Files\Microsoft SQL Server\Client SDK\ODBC\170\Tools\Binn;C:\Program Files\Microsoft SQL Server\160\DTS\Binn;C:\MinGW\bin;C:\Program Files (x86)\Microsoft SQL Server\160\DTS\Binn;C:\Program Files\Azure Data Studio\bin;C:\Program Files\Git\cmd;C:\Users\mrahm\AppData\Local\Microsoft\WindowsApps;C:\Users\mrahm\AppData\Local\Programs\Microsoft VS Code\bin;C:\Users\mrahm\AppData\Local\GitHubDesktop\bin;C:\Program Files\Azure Data Studio\bin;C:\Program Files\JetBrains\IntelliJ IDEA 2023.1.3\bin
USERNAME=mrahm
DISPLAY=:0.0
LC_ALL=en_US.UTF-8
TERM=xterm-256color
TMPDIR=C:\Users\mrahm\AppData\Local\Temp
OS=Windows_NT
PROCESSOR_IDENTIFIER=Intel64 Family 6 Model 140 Stepping 1, GenuineIntel
TMP=C:\Users\mrahm\AppData\Local\Temp
TEMP=C:\Users\mrahm\AppData\Local\Temp


JNI global refs:
JNI global refs: 20, weak refs: 0

JNI global refs memory usage: 843, weak refs: 209


---------------  S Y S T E M  ---------------

OS:
 Windows 11 , 64 bit Build 22621 (10.0.22621.1778)
OS uptime: 15 days 4:37 hours
Hyper-V role detected

CPU: total 8 (initial active 8) (4 cores per cpu, 2 threads per core) family 6 model 140 stepping 1 microcode 0x8a, cx8, cmov, fxsr, ht, mmx, 3dnowpref, sse, sse2, sse3, ssse3, sse4.1, sse4.2, popcnt, lzcnt, tsc, tscinvbit, avx, avx2, aes, erms, clmul, bmi1, bmi2, adx, avx512f, avx512dq, avx512cd, avx512bw, avx512vl, sha, fma, vzeroupper, avx512_vpopcntdq, avx512_vpclmulqdq, avx512_vaes, avx512_vnni, clflush, clflushopt, clwb, avx512_vbmi2, avx512_vbmi, hv

Memory: 4k page, system-wide physical 7971M (411M free)
TotalPageFile size 15139M (AvailPageFile size 0M)
current process WorkingSet (physical memory assigned to process): 60M, peak: 60M
current process commit charge ("private bytes"): 215M, peak: 216M

vm_info: OpenJDK 64-Bit Server VM (17.0.7+10-b829.16) for windows-amd64 JRE (17.0.7+10-b829.16), built on 2023-06-02 by "builduser" with MS VC++ 16.10 / 16.11 (VS2019)

END.
